<?xml version="1.0" encoding="UTF-8"?>
<testsuites name="Regression Testing Suite" time="26.671" tests="2" failures="0" errors="0">
   <testsuite name="Regression Testing Suite" tests="2" failures="0" errors="0" time="26.671" timestamp="2020-05-31 11:35:41" hostname="Richard - Richard" id="Test Suites/Regression Testing Suite">
      <properties>
         <property name="deviceName" value=""/>
         <property name="devicePlatform" value=""/>
         <property name="logFolder" value="C:\\Users\\Richard\\Desktop\\Automation\\Katalon\\estradarichard199504-github\\Web-Automation-using-Katalon-Studio\\Reports\\20200531_113538\\Regression Testing Suite\\20200531_113538"/>
         <property name="logFiles" value="C:\\Users\\Richard\\Desktop\\Automation\\Katalon\\estradarichard199504-github\\Web-Automation-using-Katalon-Studio\\Reports\\20200531_113538\\Regression Testing Suite\\20200531_113538\\execution0.log"/>
         <property name="attachments" value=""/>
         <property name="hostName" value="Richard - Richard"/>
         <property name="os" value="Windows 10 64bit"/>
         <property name="katalonVersion" value="7.5.2.1"/>
         <property name="browser" value="Chrome 83.0.4103.61"/>
         <property name="hostAddress" value="192.168.1.3"/>
         <property name="sessionId" value="79e4bbbe7c12283cb3050da791f3eab8"/>
         <property name="seleniumVersion" value="3.141.59"/>
         <property name="proxyInformation" value="ProxyInformation { proxyOption=NO_PROXY, proxyServerType=HTTP, username=, password=********, proxyServerAddress=, proxyServerPort=0, executionList=\&quot;\&quot;, isApplyToDesiredCapabilities=true }"/>
         <property name="platform" value="Windows 10"/>
      </properties>
      <testcase name="Test Cases/Open Browser" time="11.636" classname="Test Cases/Open Browser" status="PASSED">
         <system-out><![CDATA[2020-05-31 11:35:41 - [TEST_CASE][PASSED] - Test Cases/Open Browser: Test Cases/Open Browser

2020-05-31 11:35:42 - [TEST_STEP][PASSED] - openBrowser(""): Browser is opened with url: ''

2020-05-31 11:35:43 - [MESSAGE][INFO] - Starting 'Chrome' driver

2020-05-31 11:35:43 - [MESSAGE][INFO] - Action delay is set to 0 milliseconds

2020-05-31 11:35:47 - [MESSAGE][PASSED] - Browser is opened with url: ''

2020-05-31 11:35:47 - [TEST_STEP][PASSED] - maximizeWindow(): Current window maximized

2020-05-31 11:35:48 - [MESSAGE][PASSED] - Current window maximized

2020-05-31 11:35:48 - [TEST_STEP][PASSED] - navigateToUrl("http://localhost/ecommerce/"): Navigate to 'http://localhost/ecommerce/' successfully

2020-05-31 11:35:53 - [MESSAGE][PASSED] - Navigate to 'http://localhost/ecommerce/' successfully]]></system-out>
         <system-err><![CDATA[]]></system-err>
      </testcase>
      <testcase name="Test Cases/Valid Login Test Case" time="14.03" classname="Test Cases/Valid Login Test Case" status="PASSED">
         <system-out><![CDATA[2020-05-31 11:35:53 - [TEST_CASE][PASSED] - Test Cases/Valid Login Test Case: Test Cases/Valid Login Test Case

2020-05-31 11:35:54 - [TEST_STEP][PASSED] - click(findTestObject("Valid Login Elements/my_account_link")): Object: 'Object Repository/Valid Login Elements/my_account_link' is clicked on

2020-05-31 11:35:55 - [MESSAGE][PASSED] - Object: 'Object Repository/Valid Login Elements/my_account_link' is clicked on

2020-05-31 11:35:55 - [TEST_STEP][PASSED] - click(findTestObject("Valid Login Elements/button_Log in")): Object: 'Object Repository/Valid Login Elements/button_Log in' is clicked on

2020-05-31 11:35:57 - [MESSAGE][PASSED] - Object: 'Object Repository/Valid Login Elements/button_Log in' is clicked on

2020-05-31 11:35:57 - [TEST_STEP][PASSED] - setText(findTestObject("Valid Login Elements/input__username"), "admin"): Text 'admin' is set on object 'Object Repository/Valid Login Elements/input__username'

2020-05-31 11:35:57 - [MESSAGE][PASSED] - Text 'admin' is set on object 'Object Repository/Valid Login Elements/input__username'

2020-05-31 11:35:57 - [TEST_STEP][PASSED] - setEncryptedText(findTestObject("Valid Login Elements/input__password"), "tzH6RvlfSTg="): Text ****** has been set on object 'Object Repository/Valid Login Elements/input__password'

2020-05-31 11:35:58 - [MESSAGE][PASSED] - Text ****** has been set on object 'Object Repository/Valid Login Elements/input__password'

2020-05-31 11:35:58 - [TEST_STEP][PASSED] - click(findTestObject("Valid Login Elements/span__show-password-input")): Object: 'Object Repository/Valid Login Elements/span__show-password-input' is clicked on

2020-05-31 11:35:58 - [MESSAGE][PASSED] - Object: 'Object Repository/Valid Login Elements/span__show-password-input' is clicked on

2020-05-31 11:35:58 - [TEST_STEP][PASSED] - scrollToElement(findTestObject("Valid Login Elements/input__rememberme"), 5): Scroll to object 'Object Repository/Valid Login Elements/input__rememberme' successfully

2020-05-31 11:35:59 - [MESSAGE][PASSED] - Scroll to object 'Object Repository/Valid Login Elements/input__rememberme' successfully

2020-05-31 11:35:59 - [TEST_STEP][PASSED] - click(findTestObject("Valid Login Elements/input__rememberme")): Object: 'Object Repository/Valid Login Elements/input__rememberme' is clicked on

2020-05-31 11:35:59 - [MESSAGE][PASSED] - Object: 'Object Repository/Valid Login Elements/input__rememberme' is clicked on

2020-05-31 11:35:59 - [TEST_STEP][PASSED] - click(findTestObject("Valid Login Elements/button_Log in")): Object: 'Object Repository/Valid Login Elements/button_Log in' is clicked on

2020-05-31 11:36:03 - [MESSAGE][PASSED] - Object: 'Object Repository/Valid Login Elements/button_Log in' is clicked on

2020-05-31 11:36:03 - [TEST_STEP][PASSED] - click(findTestObject("Valid Login Elements/a_Log out")): Object: 'Object Repository/Valid Login Elements/a_Log out' is clicked on

2020-05-31 11:36:06 - [MESSAGE][PASSED] - Object: 'Object Repository/Valid Login Elements/a_Log out' is clicked on

2020-05-31 11:36:06 - [TEST_STEP][PASSED] - closeBrowser(): Browser is closed

2020-05-31 11:36:07 - [MESSAGE][PASSED] - Browser is closed]]></system-out>
         <system-err><![CDATA[]]></system-err>
      </testcase>
      <system-out><![CDATA[2020-05-31 11:35:41 - [TEST_SUITE][PASSED] - Regression Testing Suite: Test Cases/Valid Login Test Case]]></system-out>
      <system-err><![CDATA[]]></system-err>
   </testsuite>
</testsuites>
