<?xml version="1.0" encoding="UTF-8"?>
<testsuites name="Regression Testing Suite" time="48.929" tests="4" failures="0" errors="0">
   <testsuite name="Regression Testing Suite" tests="4" failures="0" errors="0" time="48.929" timestamp="2020-05-31 13:11:12" hostname="Richard - Richard" id="Test Suites/Regression Testing Suite">
      <properties>
         <property name="deviceName" value=""/>
         <property name="devicePlatform" value=""/>
         <property name="logFolder" value="C:\\Users\\Richard\\Desktop\\Automation\\Katalon\\estradarichard199504-github\\Web-Automation-using-Katalon-Studio\\Reports\\20200531_131109\\Regression Testing Suite\\20200531_131109"/>
         <property name="logFiles" value="C:\\Users\\Richard\\Desktop\\Automation\\Katalon\\estradarichard199504-github\\Web-Automation-using-Katalon-Studio\\Reports\\20200531_131109\\Regression Testing Suite\\20200531_131109\\execution0.log"/>
         <property name="attachments" value=""/>
         <property name="hostName" value="Richard - Richard"/>
         <property name="os" value="Windows 10 64bit"/>
         <property name="katalonVersion" value="7.5.2.1"/>
         <property name="browser" value="Chrome 83.0.4103.61"/>
         <property name="hostAddress" value="192.168.1.3"/>
         <property name="sessionId" value="b36e29132a9c9f42e1c86bb5299d20ac"/>
         <property name="seleniumVersion" value="3.141.59"/>
         <property name="proxyInformation" value="ProxyInformation { proxyOption=NO_PROXY, proxyServerType=HTTP, username=, password=********, proxyServerAddress=, proxyServerPort=0, executionList=\&quot;\&quot;, isApplyToDesiredCapabilities=true }"/>
         <property name="platform" value="Windows 10"/>
      </properties>
      <testcase name="Test Cases/Open Browser" time="13.237" classname="Test Cases/Open Browser" status="PASSED">
         <system-out><![CDATA[2020-05-31 13:11:13 - [TEST_CASE][PASSED] - Test Cases/Open Browser: Test Cases/Open Browser

2020-05-31 13:11:13 - [TEST_STEP][PASSED] - openBrowser(""): Browser is opened with url: ''

2020-05-31 13:11:14 - [MESSAGE][INFO] - Starting 'Chrome' driver

2020-05-31 13:11:14 - [MESSAGE][INFO] - Action delay is set to 0 milliseconds

2020-05-31 13:11:19 - [MESSAGE][PASSED] - Browser is opened with url: ''

2020-05-31 13:11:19 - [TEST_STEP][PASSED] - maximizeWindow(): Current window maximized

2020-05-31 13:11:20 - [MESSAGE][PASSED] - Current window maximized

2020-05-31 13:11:20 - [TEST_STEP][PASSED] - navigateToUrl("http://localhost/ecommerce/"): Navigate to 'http://localhost/ecommerce/' successfully

2020-05-31 13:11:26 - [MESSAGE][PASSED] - Navigate to 'http://localhost/ecommerce/' successfully]]></system-out>
         <system-err><![CDATA[]]></system-err>
      </testcase>
      <testcase name="Test Cases/Check Page URLs Test Case" time="11.084" classname="Test Cases/Check Page URLs Test Case" status="PASSED">
         <system-out><![CDATA[2020-05-31 13:11:26 - [TEST_CASE][PASSED] - Test Cases/Check Page URLs Test Case: Test Cases/Check Page URLs Test Case

2020-05-31 13:11:26 - [TEST_STEP][PASSED] - click(findTestObject("Object Repository/Page URLs/a_Home")): Object: 'Object Repository/Page URLs/a_Home' is clicked on

2020-05-31 13:11:28 - [MESSAGE][PASSED] - Object: 'Object Repository/Page URLs/a_Home' is clicked on

2020-05-31 13:11:28 - [TEST_STEP][PASSED] - click(findTestObject("Object Repository/Page URLs/a_Products")): Object: 'Object Repository/Page URLs/a_Products' is clicked on

2020-05-31 13:11:30 - [MESSAGE][PASSED] - Object: 'Object Repository/Page URLs/a_Products' is clicked on

2020-05-31 13:11:30 - [TEST_STEP][PASSED] - click(findTestObject("Object Repository/Page URLs/a_About")): Object: 'Object Repository/Page URLs/a_About' is clicked on

2020-05-31 13:11:32 - [MESSAGE][PASSED] - Object: 'Object Repository/Page URLs/a_About' is clicked on

2020-05-31 13:11:32 - [TEST_STEP][PASSED] - click(findTestObject("Object Repository/Page URLs/a_Blog")): Object: 'Object Repository/Page URLs/a_Blog' is clicked on

2020-05-31 13:11:34 - [MESSAGE][PASSED] - Object: 'Object Repository/Page URLs/a_Blog' is clicked on

2020-05-31 13:11:34 - [TEST_STEP][PASSED] - click(findTestObject("Object Repository/Page URLs/a_Contact")): Object: 'Object Repository/Page URLs/a_Contact' is clicked on

2020-05-31 13:11:35 - [MESSAGE][PASSED] - Object: 'Object Repository/Page URLs/a_Contact' is clicked on

2020-05-31 13:11:35 - [TEST_STEP][PASSED] - scrollToElement(findTestObject("Page URLs/a_Privacy Policy"), 0): Scroll to object 'Object Repository/Page URLs/a_Privacy Policy' successfully

2020-05-31 13:11:35 - [MESSAGE][WARNING] - Timeout '0' is invalid. Using default page load timeout: '30'

2020-05-31 13:11:36 - [MESSAGE][PASSED] - Scroll to object 'Object Repository/Page URLs/a_Privacy Policy' successfully

2020-05-31 13:11:36 - [TEST_STEP][PASSED] - click(findTestObject("Object Repository/Page URLs/a_Privacy Policy")): Object: 'Object Repository/Page URLs/a_Privacy Policy' is clicked on

2020-05-31 13:11:37 - [MESSAGE][PASSED] - Object: 'Object Repository/Page URLs/a_Privacy Policy' is clicked on]]></system-out>
         <system-err><![CDATA[]]></system-err>
      </testcase>
      <testcase name="Test Cases/Valid Login Test Case" time="13.862" classname="Test Cases/Valid Login Test Case" status="PASSED">
         <system-out><![CDATA[2020-05-31 13:11:37 - [TEST_CASE][PASSED] - Test Cases/Valid Login Test Case: Test Cases/Valid Login Test Case

2020-05-31 13:11:37 - [TEST_STEP][PASSED] - click(findTestObject("Valid Login Elements/my_account_link")): Object: 'Object Repository/Valid Login Elements/my_account_link' is clicked on

2020-05-31 13:11:39 - [MESSAGE][PASSED] - Object: 'Object Repository/Valid Login Elements/my_account_link' is clicked on

2020-05-31 13:11:39 - [TEST_STEP][PASSED] - click(findTestObject("Valid Login Elements/button_Log in")): Object: 'Object Repository/Valid Login Elements/button_Log in' is clicked on

2020-05-31 13:11:40 - [MESSAGE][PASSED] - Object: 'Object Repository/Valid Login Elements/button_Log in' is clicked on

2020-05-31 13:11:40 - [TEST_STEP][PASSED] - setText(findTestObject("Valid Login Elements/input__username"), "admin"): Text 'admin' is set on object 'Object Repository/Valid Login Elements/input__username'

2020-05-31 13:11:41 - [MESSAGE][PASSED] - Text 'admin' is set on object 'Object Repository/Valid Login Elements/input__username'

2020-05-31 13:11:41 - [TEST_STEP][PASSED] - setEncryptedText(findTestObject("Valid Login Elements/input__password"), "tzH6RvlfSTg="): Text ****** has been set on object 'Object Repository/Valid Login Elements/input__password'

2020-05-31 13:11:41 - [MESSAGE][PASSED] - Text ****** has been set on object 'Object Repository/Valid Login Elements/input__password'

2020-05-31 13:11:41 - [TEST_STEP][PASSED] - click(findTestObject("Valid Login Elements/span__show-password-input")): Object: 'Object Repository/Valid Login Elements/span__show-password-input' is clicked on

2020-05-31 13:11:42 - [MESSAGE][PASSED] - Object: 'Object Repository/Valid Login Elements/span__show-password-input' is clicked on

2020-05-31 13:11:42 - [TEST_STEP][PASSED] - scrollToElement(findTestObject("Valid Login Elements/input__rememberme"), 5): Scroll to object 'Object Repository/Valid Login Elements/input__rememberme' successfully

2020-05-31 13:11:42 - [MESSAGE][PASSED] - Scroll to object 'Object Repository/Valid Login Elements/input__rememberme' successfully

2020-05-31 13:11:42 - [TEST_STEP][PASSED] - click(findTestObject("Valid Login Elements/input__rememberme")): Object: 'Object Repository/Valid Login Elements/input__rememberme' is clicked on

2020-05-31 13:11:43 - [MESSAGE][PASSED] - Object: 'Object Repository/Valid Login Elements/input__rememberme' is clicked on

2020-05-31 13:11:43 - [TEST_STEP][PASSED] - click(findTestObject("Valid Login Elements/button_Log in")): Object: 'Object Repository/Valid Login Elements/button_Log in' is clicked on

2020-05-31 13:11:47 - [MESSAGE][PASSED] - Object: 'Object Repository/Valid Login Elements/button_Log in' is clicked on

2020-05-31 13:11:47 - [TEST_STEP][PASSED] - click(findTestObject("Valid Login Elements/a_Log out")): Object: 'Object Repository/Valid Login Elements/a_Log out' is clicked on

2020-05-31 13:11:51 - [MESSAGE][PASSED] - Object: 'Object Repository/Valid Login Elements/a_Log out' is clicked on]]></system-out>
         <system-err><![CDATA[]]></system-err>
      </testcase>
      <testcase name="Test Cases/Invalid Login Test Case" time="9.136" classname="Test Cases/Invalid Login Test Case" status="PASSED">
         <system-out><![CDATA[2020-05-31 13:11:51 - [TEST_CASE][PASSED] - Test Cases/Invalid Login Test Case: Test Cases/Invalid Login Test Case

2020-05-31 13:11:51 - [TEST_STEP][PASSED] - click(findTestObject("Object Repository/Invalid Login Elements/i_Contact_far fa-user")): Object: 'Object Repository/Invalid Login Elements/i_Contact_far fa-user' is clicked on

2020-05-31 13:11:53 - [MESSAGE][PASSED] - Object: 'Object Repository/Invalid Login Elements/i_Contact_far fa-user' is clicked on

2020-05-31 13:11:53 - [TEST_STEP][PASSED] - click(findTestObject("Object Repository/Invalid Login Elements/button_Log in")): Object: 'Object Repository/Invalid Login Elements/button_Log in' is clicked on

2020-05-31 13:11:54 - [MESSAGE][PASSED] - Object: 'Object Repository/Invalid Login Elements/button_Log in' is clicked on

2020-05-31 13:11:54 - [TEST_STEP][PASSED] - click(findTestObject("Object Repository/Invalid Login Elements/strong_Error")): Object: 'Object Repository/Invalid Login Elements/strong_Error' is clicked on

2020-05-31 13:11:55 - [MESSAGE][PASSED] - Object: 'Object Repository/Invalid Login Elements/strong_Error' is clicked on

2020-05-31 13:11:55 - [TEST_STEP][PASSED] - verifyTextPresent("Error: Username is required", false): Text 'Error: Username is required' is present on page 

2020-05-31 13:11:55 - [MESSAGE][PASSED] - Text 'Error: Username is required' is present on page 

2020-05-31 13:11:55 - [TEST_STEP][PASSED] - setText(findTestObject("Object Repository/Invalid Login Elements/input__username"), "test"): Text 'test' is set on object 'Object Repository/Invalid Login Elements/input__username'

2020-05-31 13:11:56 - [MESSAGE][PASSED] - Text 'test' is set on object 'Object Repository/Invalid Login Elements/input__username'

2020-05-31 13:11:56 - [TEST_STEP][PASSED] - setEncryptedText(findTestObject("Object Repository/Invalid Login Elements/input__password"), "P9ET2sDE0SE="): Text ****** has been set on object 'Object Repository/Invalid Login Elements/input__password'

2020-05-31 13:11:56 - [MESSAGE][PASSED] - Text ****** has been set on object 'Object Repository/Invalid Login Elements/input__password'

2020-05-31 13:11:56 - [TEST_STEP][PASSED] - click(findTestObject("Object Repository/Invalid Login Elements/span__show-password-input")): Object: 'Object Repository/Invalid Login Elements/span__show-password-input' is clicked on

2020-05-31 13:11:56 - [MESSAGE][PASSED] - Object: 'Object Repository/Invalid Login Elements/span__show-password-input' is clicked on

2020-05-31 13:11:56 - [TEST_STEP][PASSED] - scrollToElement(findTestObject("Invalid Login Elements/span_Remember me"), 10): Scroll to object 'Object Repository/Invalid Login Elements/span_Remember me' successfully

2020-05-31 13:11:57 - [MESSAGE][PASSED] - Scroll to object 'Object Repository/Invalid Login Elements/span_Remember me' successfully

2020-05-31 13:11:57 - [TEST_STEP][PASSED] - click(findTestObject("Object Repository/Invalid Login Elements/span_Remember me")): Object: 'Object Repository/Invalid Login Elements/span_Remember me' is clicked on

2020-05-31 13:11:57 - [MESSAGE][PASSED] - Object: 'Object Repository/Invalid Login Elements/span_Remember me' is clicked on

2020-05-31 13:11:57 - [TEST_STEP][PASSED] - click(findTestObject("Object Repository/Invalid Login Elements/button_Log in")): Object: 'Object Repository/Invalid Login Elements/button_Log in' is clicked on

2020-05-31 13:11:59 - [MESSAGE][PASSED] - Object: 'Object Repository/Invalid Login Elements/button_Log in' is clicked on

2020-05-31 13:11:59 - [TEST_STEP][PASSED] - verifyTextPresent("Unknown username. Check again or try your email address.", false): Text 'Unknown username. Check again or try your email address.' is present on page 

2020-05-31 13:12:00 - [MESSAGE][PASSED] - Text 'Unknown username. Check again or try your email address.' is present on page]]></system-out>
         <system-err><![CDATA[]]></system-err>
      </testcase>
      <system-out><![CDATA[2020-05-31 13:11:12 - [TEST_SUITE][PASSED] - Regression Testing Suite: Test Cases/Invalid Login Test Case]]></system-out>
      <system-err><![CDATA[]]></system-err>
   </testsuite>
</testsuites>
